<?xml version="1.0" encoding="UTF-8"?>
<!-- Generated by org.testng.reporters.JUnitReportReporter -->
<testsuite hostname="DESKTOP-63D9V6P" failures="0" tests="2" name="automation.TestRunner" time="205.073" errors="0" timestamp="2022-10-09T18:27:29 IST" skipped="0">
  <testcase classname="automation.TestRunner" name="runScenario" time="102.145"/>
  <system-out/>
  <testcase classname="automation.TestRunner" name="runScenario" time="102.928"/>
  <system-out/>
</testsuite> <!-- automation.TestRunner -->
